<?xml version="1.0" encoding="UTF-8"?>
<!-- Generated by org.testng.reporters.JUnitReportReporter -->
<testsuite hostname="LAPTOP-J14H5MOF" failures="0" tests="2" name="TestNG_Demo.Test_Case_Annotation" time="0.003" errors="0" timestamp="2024-07-12T10:39:31 IST" skipped="0">
  <testcase classname="TestNG_Demo.Test_Case_Annotation" name="test1" time="0.002"/>
  <system-out/>
  <testcase classname="TestNG_Demo.Test_Case_Annotation" name="test2" time="0.001"/>
  <system-out/>
</testsuite> <!-- TestNG_Demo.Test_Case_Annotation -->
