<?xml version="1.0" encoding="UTF-8"?>
<!-- Generated by org.testng.reporters.JUnitReportReporter -->
<testsuite hostname="LAPTOP-J14H5MOF" failures="0" tests="1" name="TestNG_Demo.launch_browser" time="4.828" errors="0" timestamp="2024-07-12T10:39:31 IST" skipped="0">
  <testcase classname="TestNG_Demo.launch_browser" name="browser_launch" time="4.828"/>
  <system-out/>
</testsuite> <!-- TestNG_Demo.launch_browser -->
