<?xml version="1.0" encoding="UTF-8"?>
<!-- Generated by org.testng.reporters.JUnitReportReporter -->
<testsuite hostname="LAPTOP-J14H5MOF" failures="0" tests="2" name="TestNG_Demo.testLogo" time="3.591" errors="0" timestamp="2024-07-12T10:39:31 IST" skipped="0">
  <testcase classname="TestNG_Demo.testLogo" name="OpenApp" time="3.564"/>
  <system-out/>
  <testcase classname="TestNG_Demo.testLogo" name="TestLogo" time="0.027"/>
  <system-out/>
</testsuite> <!-- TestNG_Demo.testLogo -->
