<?xml version="1.0" encoding="UTF-8"?>
<!-- Generated by org.testng.reporters.JUnitReportReporter -->
<testsuite hostname="LAPTOP-J14H5MOF" failures="0" tests="3" name="TestNG_Demo.firsttestcase" time="0.003" errors="0" timestamp="2024-07-12T10:39:31 IST" skipped="0">
  <testcase classname="TestNG_Demo.firsttestcase" name="openApp" time="0.001"/>
  <system-out/>
  <testcase classname="TestNG_Demo.firsttestcase" name="loginApp" time="0.001"/>
  <system-out/>
  <testcase classname="TestNG_Demo.firsttestcase" name="ExitApp" time="0.001"/>
  <system-out/>
</testsuite> <!-- TestNG_Demo.firsttestcase -->
