<?xml version="1.0" encoding="UTF-8"?>
<!-- Generated by org.testng.reporters.JUnitReportReporter -->
<testsuite hostname="LAPTOP-J14H5MOF" failures="0" tests="1" name="com.facebooklogin.facebookLogin" time="1.512" errors="0" timestamp="2024-07-12T14:23:49 IST" skipped="0">
  <testcase classname="com.facebooklogin.facebookLogin" name="login" time="1.512"/>
  <system-out/>
</testsuite> <!-- com.facebooklogin.facebookLogin -->
